<?xml version="1.0" encoding="UTF-8"?>
<!-- Generated by org.testng.reporters.JUnitXMLReporter -->
<testsuite hostname="DESKTOP-9TU11KU" name="BankingAppTest" tests="2" failures="0" timestamp="9 Jul 2021 18:46:18 GMT" time="18.052" errors="0">
  <testcase name="tc1" time="0.94" classname="com.inetbanking.Testcases.Testcase1"/>
  <testcase name="loginDTT" time="0.0" classname="com.inetbanking.Testcases.Testcase2">
    <skipped/>
  </testcase> <!-- loginDTT -->
</testsuite> <!-- BankingAppTest -->
