<?xml version="1.0" encoding="UTF-8"?>
<testng-results skipped="1" failed="0" total="2" passed="1">
  <reporter-output>
  </reporter-output>
  <suite name="inetbanking" duration-ms="18052" started-at="2021-07-09T18:46:00Z" finished-at="2021-07-09T18:46:18Z">
    <groups>
    </groups>
    <test name="BankingAppTest" duration-ms="18052" started-at="2021-07-09T18:46:00Z" finished-at="2021-07-09T18:46:18Z">
      <class name="com.inetbanking.Testcases.Testcase1">
        <test-method status="PASS" signature="setup(java.lang.String)[pri:0, instance:com.inetbanking.Testcases.Testcase1@72057ecf]" name="setup" is-config="true" duration-ms="4889" started-at="2021-07-10T00:16:01Z" finished-at="2021-07-10T00:16:06Z">
          <params>
            <param index="0">
              <value>
                <![CDATA[chrome]]>
              </value>
            </param>
          </params>
          <reporter-output>
          </reporter-output>
        </test-method> <!-- setup -->
        <test-method status="PASS" signature="tc1()[pri:0, instance:com.inetbanking.Testcases.Testcase1@72057ecf]" name="tc1" duration-ms="940" started-at="2021-07-10T00:16:06Z" finished-at="2021-07-10T00:16:06Z">
          <reporter-output>
          </reporter-output>
        </test-method> <!-- tc1 -->
        <test-method status="PASS" signature="teardown()[pri:0, instance:com.inetbanking.Testcases.Testcase1@72057ecf]" name="teardown" is-config="true" duration-ms="4000" started-at="2021-07-10T00:16:07Z" finished-at="2021-07-10T00:16:11Z">
          <reporter-output>
          </reporter-output>
        </test-method> <!-- teardown -->
      </class> <!-- com.inetbanking.Testcases.Testcase1 -->
      <class name="com.inetbanking.Testcases.Testcase2">
        <test-method status="PASS" signature="setup(java.lang.String)[pri:0, instance:com.inetbanking.Testcases.Testcase2@1afd44cb]" name="setup" is-config="true" duration-ms="3702" started-at="2021-07-10T00:16:11Z" finished-at="2021-07-10T00:16:14Z">
          <params>
            <param index="0">
              <value>
                <![CDATA[chrome]]>
              </value>
            </param>
          </params>
          <reporter-output>
          </reporter-output>
        </test-method> <!-- setup -->
        <test-method status="SKIP" signature="loginDTT(java.lang.String, java.lang.String)[pri:0, instance:com.inetbanking.Testcases.Testcase2@1afd44cb]" name="loginDTT" duration-ms="0" started-at="2021-07-10T00:16:14Z" data-provider="LoginData" finished-at="2021-07-10T00:16:14Z">
          <exception class="java.lang.RuntimeException">
            <message>
              <![CDATA[java.lang.NullPointerException]]>
            </message>
            <full-stacktrace>
              <![CDATA[java.lang.RuntimeException: java.lang.NullPointerException
	at org.testng.internal.MethodInvocationHelper.invokeMethodNoCheckedException(MethodInvocationHelper.java:45)
	at org.testng.internal.MethodInvocationHelper.invokeDataProvider(MethodInvocationHelper.java:110)
	at org.testng.internal.Parameters.handleParameters(Parameters.java:436)
	at org.testng.internal.Invoker.handleParameters(Invoker.java:1253)
	at org.testng.internal.Invoker.createParameters(Invoker.java:980)
	at org.testng.internal.Invoker.invokeTestMethods(Invoker.java:1070)
	at org.testng.internal.TestMethodWorker.invokeTestMethods(TestMethodWorker.java:129)
	at org.testng.internal.TestMethodWorker.run(TestMethodWorker.java:112)
	at org.testng.TestRunner.privateRun(TestRunner.java:753)
	at org.testng.TestRunner.run(TestRunner.java:607)
	at org.testng.SuiteRunner.runTest(SuiteRunner.java:368)
	at org.testng.SuiteRunner.runSequentially(SuiteRunner.java:363)
	at org.testng.SuiteRunner.privateRun(SuiteRunner.java:321)
	at org.testng.SuiteRunner.run(SuiteRunner.java:270)
	at org.testng.SuiteRunnerWorker.runSuite(SuiteRunnerWorker.java:52)
	at org.testng.SuiteRunnerWorker.run(SuiteRunnerWorker.java:86)
	at org.testng.TestNG.runSuitesSequentially(TestNG.java:1284)
	at org.testng.TestNG.runSuitesLocally(TestNG.java:1209)
	at org.testng.TestNG.runSuites(TestNG.java:1124)
	at org.testng.TestNG.run(TestNG.java:1096)
	at org.testng.remote.AbstractRemoteTestNG.run(AbstractRemoteTestNG.java:132)
	at org.testng.remote.RemoteTestNG.initAndRun(RemoteTestNG.java:236)
	at org.testng.remote.RemoteTestNG.main(RemoteTestNG.java:81)
Caused by: java.lang.NullPointerException
	at java.io.FileInputStream.<init>(Unknown Source)
	at java.io.FileInputStream.<init>(Unknown Source)
	at com.inetbanking.utlities.XLUtilities.getRowCount(XLUtilities.java:23)
	at com.inetbanking.Testcases.Testcase2.getData(Testcase2.java:26)
	at sun.reflect.NativeMethodAccessorImpl.invoke0(Native Method)
	at sun.reflect.NativeMethodAccessorImpl.invoke(Unknown Source)
	at sun.reflect.DelegatingMethodAccessorImpl.invoke(Unknown Source)
	at java.lang.reflect.Method.invoke(Unknown Source)
	at org.testng.internal.MethodInvocationHelper.invokeMethod(MethodInvocationHelper.java:100)
	at org.testng.internal.MethodInvocationHelper.invokeMethod(MethodInvocationHelper.java:51)
	at org.testng.internal.MethodInvocationHelper.invokeMethodNoCheckedException(MethodInvocationHelper.java:41)
	... 22 more
]]>
            </full-stacktrace>
          </exception> <!-- java.lang.RuntimeException -->
          <reporter-output>
          </reporter-output>
        </test-method> <!-- loginDTT -->
        <test-method status="PASS" signature="teardown()[pri:0, instance:com.inetbanking.Testcases.Testcase2@1afd44cb]" name="teardown" is-config="true" duration-ms="3995" started-at="2021-07-10T00:16:14Z" finished-at="2021-07-10T00:16:18Z">
          <reporter-output>
          </reporter-output>
        </test-method> <!-- teardown -->
      </class> <!-- com.inetbanking.Testcases.Testcase2 -->
    </test> <!-- BankingAppTest -->
  </suite> <!-- inetbanking -->
</testng-results>
